<?xml version="1.0" encoding="UTF-8"?>
<testng-results skipped="0" failed="0" ignored="0" total="2" passed="2">
  <reporter-output>
  </reporter-output>
  <suite name="Default suite" duration-ms="44" started-at="2021-09-06T07:24:48Z" finished-at="2021-09-06T07:24:48Z">
    <groups>
    </groups>
    <test name="Default test" duration-ms="44" started-at="2021-09-06T07:24:48Z" finished-at="2021-09-06T07:24:48Z">
      <class name="softwareTestingMaterial.TestNGAnnotationTypesTest">
        <test-method status="PASS" signature="beforeTest()[pri:0, instance:softwareTestingMaterial.TestNGAnnotationTypesTest@327b636c]" name="beforeTest" is-config="true" duration-ms="10" started-at="2021-09-06T07:24:48Z" finished-at="2021-09-06T07:24:48Z">
          <reporter-output>
          </reporter-output>
        </test-method> <!-- beforeTest -->
        <test-method status="PASS" signature="beforeClass()[pri:0, instance:softwareTestingMaterial.TestNGAnnotationTypesTest@327b636c]" name="beforeClass" is-config="true" duration-ms="0" started-at="2021-09-06T07:24:48Z" finished-at="2021-09-06T07:24:48Z">
          <reporter-output>
          </reporter-output>
        </test-method> <!-- beforeClass -->
        <test-method status="PASS" signature="beforeMethod()[pri:0, instance:softwareTestingMaterial.TestNGAnnotationTypesTest@327b636c]" name="beforeMethod" is-config="true" duration-ms="0" started-at="2021-09-06T07:24:48Z" finished-at="2021-09-06T07:24:48Z">
          <reporter-output>
          </reporter-output>
        </test-method> <!-- beforeMethod -->
        <test-method status="PASS" signature="test()[pri:0, instance:softwareTestingMaterial.TestNGAnnotationTypesTest@327b636c]" name="test" duration-ms="4" started-at="2021-09-06T07:24:48Z" finished-at="2021-09-06T07:24:48Z">
          <reporter-output>
          </reporter-output>
        </test-method> <!-- test -->
        <test-method status="PASS" signature="afterMethod()[pri:0, instance:softwareTestingMaterial.TestNGAnnotationTypesTest@327b636c]" name="afterMethod" is-config="true" duration-ms="0" started-at="2021-09-06T07:24:48Z" finished-at="2021-09-06T07:24:48Z">
          <reporter-output>
          </reporter-output>
        </test-method> <!-- afterMethod -->
        <test-method status="PASS" signature="beforeMethod()[pri:0, instance:softwareTestingMaterial.TestNGAnnotationTypesTest@327b636c]" name="beforeMethod" is-config="true" duration-ms="0" started-at="2021-09-06T07:24:48Z" finished-at="2021-09-06T07:24:48Z">
          <reporter-output>
          </reporter-output>
        </test-method> <!-- beforeMethod -->
        <test-method status="PASS" signature="test1()[pri:0, instance:softwareTestingMaterial.TestNGAnnotationTypesTest@327b636c]" name="test1" duration-ms="1" started-at="2021-09-06T07:24:48Z" finished-at="2021-09-06T07:24:48Z">
          <reporter-output>
          </reporter-output>
        </test-method> <!-- test1 -->
        <test-method status="PASS" signature="afterMethod()[pri:0, instance:softwareTestingMaterial.TestNGAnnotationTypesTest@327b636c]" name="afterMethod" is-config="true" duration-ms="2" started-at="2021-09-06T07:24:48Z" finished-at="2021-09-06T07:24:48Z">
          <reporter-output>
          </reporter-output>
        </test-method> <!-- afterMethod -->
        <test-method status="PASS" signature="afterClass()[pri:0, instance:softwareTestingMaterial.TestNGAnnotationTypesTest@327b636c]" name="afterClass" is-config="true" duration-ms="1" started-at="2021-09-06T07:24:48Z" finished-at="2021-09-06T07:24:48Z">
          <reporter-output>
          </reporter-output>
        </test-method> <!-- afterClass -->
        <test-method status="PASS" signature="afterTest()[pri:0, instance:softwareTestingMaterial.TestNGAnnotationTypesTest@327b636c]" name="afterTest" is-config="true" duration-ms="0" started-at="2021-09-06T07:24:48Z" finished-at="2021-09-06T07:24:48Z">
          <reporter-output>
          </reporter-output>
        </test-method> <!-- afterTest -->
      </class> <!-- softwareTestingMaterial.TestNGAnnotationTypesTest -->
    </test> <!-- Default test -->
  </suite> <!-- Default suite -->
</testng-results>
