<?xml version="1.0" encoding="UTF-8"?>
<!-- Generated by org.testng.reporters.JUnitXMLReporter -->
<testsuite hostname="Praveen-Products" ignored="1" name="testngTest" tests="1" failures="0" timestamp="05 Sep 2021 08:25:30 GMT" time="0.057" errors="0">
  <testcase name="loginTest" time="0.015" classname="softwareTestingMaterial.TestCase1"/>
  <testcase name="composeMail" time="0.0" classname="softwareTestingMaterial.TestCase2">
    <ignored/>
  </testcase> <!-- composeMail -->
</testsuite> <!-- testngTest -->
